2019-10-14 22:53:00,719 [main] ERROR org.eclipse.jgit.util.FS - Caught exception in FS.readPipe()
java.io.IOException: Cannot run program "bash" (in directory "C:\Users\Daffidols"): CreateProcess error=2, The system cannot find the file specified
	at java.lang.ProcessBuilder.start(Unknown Source) ~[na:1.8.0_141]
	at java.lang.Runtime.exec(Unknown Source) ~[na:1.8.0_141]
	at org.eclipse.jgit.util.FS.readPipe(FS.java:431) [org.eclipse.jgit_3.7.1.201504261725-r.jar:3.7.1.201504261725-r]
	at org.eclipse.jgit.util.FS_Win32.discoverGitPrefix(FS_Win32.java:113) [org.eclipse.jgit_3.7.1.201504261725-r.jar:3.7.1.201504261725-r]
	at org.eclipse.jgit.util.FS.gitPrefix(FS.java:517) [org.eclipse.jgit_3.7.1.201504261725-r.jar:3.7.1.201504261725-r]
	at org.eclipse.egit.ui.internal.ConfigurationChecker.checkGitPrefix(ConfigurationChecker.java:69) [org.eclipse.egit.ui_3.7.1.201504261725-r.jar:na]
	at org.eclipse.egit.ui.internal.ConfigurationChecker.check(ConfigurationChecker.java:61) [org.eclipse.egit.ui_3.7.1.201504261725-r.jar:na]
	at org.eclipse.egit.ui.internal.ConfigurationChecker.access$0(ConfigurationChecker.java:60) [org.eclipse.egit.ui_3.7.1.201504261725-r.jar:na]
	at org.eclipse.egit.ui.internal.ConfigurationChecker$1$1.run(ConfigurationChecker.java:48) [org.eclipse.egit.ui_3.7.1.201504261725-r.jar:na]
	at org.eclipse.swt.widgets.RunnableLock.run(RunnableLock.java:35) [org.eclipse.swt.win32.win32.x86_64_3.103.2.v20150203-1351.jar:na]
	at org.eclipse.swt.widgets.Synchronizer.runAsyncMessages(Synchronizer.java:136) [org.eclipse.swt.win32.win32.x86_64_3.103.2.v20150203-1351.jar:na]
	at org.eclipse.swt.widgets.Display.runAsyncMessages(Display.java:4147) [org.eclipse.swt.win32.win32.x86_64_3.103.2.v20150203-1351.jar:na]
	at org.eclipse.swt.widgets.Display.readAndDispatch(Display.java:3764) [org.eclipse.swt.win32.win32.x86_64_3.103.2.v20150203-1351.jar:na]
	at org.eclipse.e4.ui.internal.workbench.swt.PartRenderingEngine$9.run(PartRenderingEngine.java:1151) [org.eclipse.e4.ui.workbench.swt_0.12.100.v20141126-1150.jar:na]
	at org.eclipse.core.databinding.observable.Realm.runWithDefault(Realm.java:332) [org.eclipse.core.databinding.observable_1.4.1.v20140210-1835.jar:na]
	at org.eclipse.e4.ui.internal.workbench.swt.PartRenderingEngine.run(PartRenderingEngine.java:1032) [org.eclipse.e4.ui.workbench.swt_0.12.100.v20141126-1150.jar:na]
	at org.eclipse.e4.ui.internal.workbench.E4Workbench.createAndRunUI(E4Workbench.java:148) [org.eclipse.e4.ui.workbench_1.2.2.v20141212-1259.jar:na]
	at org.eclipse.ui.internal.Workbench$5.run(Workbench.java:636) [org.eclipse.ui.workbench_3.106.2.v20150204-1030.jar:na]
	at org.eclipse.core.databinding.observable.Realm.runWithDefault(Realm.java:332) [org.eclipse.core.databinding.observable_1.4.1.v20140210-1835.jar:na]
	at org.eclipse.ui.internal.Workbench.createAndRunWorkbench(Workbench.java:579) [org.eclipse.ui.workbench_3.106.2.v20150204-1030.jar:na]
	at org.eclipse.ui.PlatformUI.createAndRunWorkbench(PlatformUI.java:150) [org.eclipse.ui.workbench_3.106.2.v20150204-1030.jar:na]
	at org.eclipse.ui.internal.ide.application.IDEApplication.start(IDEApplication.java:135) [org.eclipse.ui.ide.application_1.0.501.v20141111-1238.jar:na]
	at org.eclipse.equinox.internal.app.EclipseAppHandle.run(EclipseAppHandle.java:196) [org.eclipse.equinox.app_1.3.200.v20130910-1609.jar:na]
	at org.eclipse.core.runtime.internal.adaptor.EclipseAppLauncher.runApplication(EclipseAppLauncher.java:134) [org.eclipse.osgi_3.10.2.v20150203-1939.jar:na]
	at org.eclipse.core.runtime.internal.adaptor.EclipseAppLauncher.start(EclipseAppLauncher.java:104) [org.eclipse.osgi_3.10.2.v20150203-1939.jar:na]
	at org.eclipse.core.runtime.adaptor.EclipseStarter.run(EclipseStarter.java:380) [org.eclipse.osgi_3.10.2.v20150203-1939.jar:na]
	at org.eclipse.core.runtime.adaptor.EclipseStarter.run(EclipseStarter.java:235) [org.eclipse.osgi_3.10.2.v20150203-1939.jar:na]
	at sun.reflect.NativeMethodAccessorImpl.invoke0(Native Method) ~[na:1.8.0_141]
	at sun.reflect.NativeMethodAccessorImpl.invoke(Unknown Source) ~[na:1.8.0_141]
	at sun.reflect.DelegatingMethodAccessorImpl.invoke(Unknown Source) ~[na:1.8.0_141]
	at java.lang.reflect.Method.invoke(Unknown Source) ~[na:1.8.0_141]
	at org.eclipse.equinox.launcher.Main.invokeFramework(Main.java:648) [org.eclipse.equinox.launcher_1.3.0.v20140415-2008.jar:na]
	at org.eclipse.equinox.launcher.Main.basicRun(Main.java:603) [org.eclipse.equinox.launcher_1.3.0.v20140415-2008.jar:na]
	at org.eclipse.equinox.launcher.Main.run(Main.java:1465) [org.eclipse.equinox.launcher_1.3.0.v20140415-2008.jar:na]
	at org.eclipse.equinox.launcher.Main.main(Main.java:1438) [org.eclipse.equinox.launcher_1.3.0.v20140415-2008.jar:na]
Caused by: java.io.IOException: CreateProcess error=2, The system cannot find the file specified
	at java.lang.ProcessImpl.create(Native Method) ~[na:1.8.0_141]
	at java.lang.ProcessImpl.<init>(Unknown Source) ~[na:1.8.0_141]
	at java.lang.ProcessImpl.start(Unknown Source) ~[na:1.8.0_141]
	... 35 common frames omitted
2019-10-14 22:55:16,475 [Worker-3] INFO  o.e.m.c.i.l.LifecycleMappingFactory - Using org.eclipse.m2e.jdt.JarLifecycleMapping lifecycle mapping for MavenProject: com.mi:report:0.0.1-SNAPSHOT @ C:\Report\report\pom.xml.
2019-10-14 22:55:18,274 [Worker-3] INFO  o.e.m.j.i.AbstractJavaProjectConfigurator - Adding source folder /report/src/main/java
2019-10-14 22:55:18,274 [Worker-3] INFO  o.e.m.j.i.AbstractJavaProjectConfigurator - Adding resource folder /report/src/main/resources
2019-10-14 22:55:18,290 [Worker-3] INFO  o.e.m.j.i.AbstractJavaProjectConfigurator - Adding source folder /report/src/test/java
2019-10-14 22:55:18,290 [Worker-3] INFO  o.e.m.j.i.AbstractJavaProjectConfigurator - Adding resource folder /report/src/test/resources
2019-10-14 22:55:21,752 [Worker-4] WARN  o.e.m.c.i.embedder.EclipseLogger - Using platform encoding (Cp1252 actually) to copy filtered resources, i.e. build is platform dependent!
2019-10-14 22:55:21,787 [Worker-4] INFO  o.e.m.c.i.embedder.EclipseLogger - Copying 0 resource
2019-10-14 22:55:21,791 [Worker-4] WARN  o.e.m.c.i.embedder.EclipseLogger - Using platform encoding (Cp1252 actually) to copy filtered resources, i.e. build is platform dependent!
2019-10-14 22:55:21,803 [Worker-4] INFO  o.e.m.c.i.embedder.EclipseLogger - Copying 0 resource
2019-10-14 22:57:53,112 [Worker-1] INFO  o.e.m.i.launch.MavenLaunchDelegate - C:\Report\report
2019-10-14 22:57:53,114 [Worker-1] INFO  o.e.m.i.launch.MavenLaunchDelegate -  mvn -B install
2019-10-14 22:58:01,162 [Worker-8] WARN  o.e.m.c.i.embedder.EclipseLogger - Using platform encoding (Cp1252 actually) to copy filtered resources, i.e. build is platform dependent!
2019-10-14 22:58:01,165 [Worker-8] INFO  o.e.m.c.i.embedder.EclipseLogger - Copying 0 resource
2019-10-14 22:58:01,167 [Worker-8] WARN  o.e.m.c.i.embedder.EclipseLogger - Using platform encoding (Cp1252 actually) to copy filtered resources, i.e. build is platform dependent!
2019-10-14 22:58:01,168 [Worker-8] INFO  o.e.m.c.i.embedder.EclipseLogger - Copying 0 resource
2019-10-14 22:59:43,542 [Worker-10] INFO  o.e.m.c.i.l.LifecycleMappingFactory - Using org.eclipse.m2e.jdt.JarLifecycleMapping lifecycle mapping for MavenProject: com.mi:report:0.0.1-SNAPSHOT @ C:\Report\report\pom.xml.
2019-10-14 22:59:44,200 [Worker-10] WARN  o.e.m.c.i.embedder.EclipseLogger - Using platform encoding (Cp1252 actually) to copy filtered resources, i.e. build is platform dependent!
2019-10-14 22:59:44,202 [Worker-10] INFO  o.e.m.c.i.embedder.EclipseLogger - Copying 0 resource
2019-10-14 22:59:44,204 [Worker-10] WARN  o.e.m.c.i.embedder.EclipseLogger - Using platform encoding (Cp1252 actually) to copy filtered resources, i.e. build is platform dependent!
2019-10-14 22:59:44,207 [Worker-10] INFO  o.e.m.c.i.embedder.EclipseLogger - Copying 0 resource
2019-10-14 23:00:49,341 [Worker-4] INFO  o.e.m.c.i.l.LifecycleMappingFactory - Using null lifecycle mapping for MavenProject: com.mi:report:0.0.1-SNAPSHOT @ C:\Report\report\pom.xml.
2019-10-14 23:01:42,331 [Worker-1] INFO  o.e.m.c.i.l.LifecycleMappingFactory - Using org.eclipse.m2e.jdt.JarLifecycleMapping lifecycle mapping for MavenProject: com.mi:report:0.0.1-SNAPSHOT @ C:\Report\report\pom.xml.
2019-10-14 23:01:42,441 [Worker-4] INFO  o.e.m.c.i.e.AbstractTransferListenerAdapter - Downloading https://repo.maven.apache.org/maven2/com/fasterxml/jackson/core/jackson-databind/2.7.3/jackson-databind-2.7.3.jar
2019-10-14 23:01:43,094 [Worker-1] INFO  o.e.m.c.i.e.AbstractTransferListenerAdapter - Downloading https://repo.maven.apache.org/maven2/com/fasterxml/jackson/core/jackson-databind/2.7.3/jackson-databind-2.7.3.jar
2019-10-14 23:01:43,196 [Worker-4] INFO  o.e.m.c.i.e.AbstractTransferListenerAdapter - Downloaded https://repo.maven.apache.org/maven2/com/fasterxml/jackson/core/jackson-databind/2.7.3/jackson-databind-2.7.3.jar
2019-10-14 23:01:43,304 [Worker-4] INFO  o.e.m.c.i.e.AbstractTransferListenerAdapter - Downloading https://repo.maven.apache.org/maven2/com/fasterxml/jackson/core/jackson-annotations/2.7.0/jackson-annotations-2.7.0.jar
2019-10-14 23:01:43,714 [Worker-4] INFO  o.e.m.c.i.e.AbstractTransferListenerAdapter - Downloaded https://repo.maven.apache.org/maven2/com/fasterxml/jackson/core/jackson-annotations/2.7.0/jackson-annotations-2.7.0.jar
2019-10-14 23:01:43,826 [Worker-1] INFO  o.e.m.c.i.e.AbstractTransferListenerAdapter - Downloaded https://repo.maven.apache.org/maven2/com/fasterxml/jackson/core/jackson-databind/2.7.3/jackson-databind-2.7.3.jar
2019-10-14 23:01:43,902 [Worker-1] INFO  o.e.m.c.i.e.AbstractTransferListenerAdapter - Downloading https://repo.maven.apache.org/maven2/com/fasterxml/jackson/core/jackson-annotations/2.7.0/jackson-annotations-2.7.0.jar
2019-10-14 23:01:44,059 [Worker-1] INFO  o.e.m.c.i.e.AbstractTransferListenerAdapter - Downloaded https://repo.maven.apache.org/maven2/com/fasterxml/jackson/core/jackson-annotations/2.7.0/jackson-annotations-2.7.0.jar
2019-10-14 23:01:45,674 [Worker-1] WARN  o.e.m.c.i.embedder.EclipseLogger - Using platform encoding (Cp1252 actually) to copy filtered resources, i.e. build is platform dependent!
2019-10-14 23:01:45,678 [Worker-1] INFO  o.e.m.c.i.embedder.EclipseLogger - Copying 0 resource
2019-10-14 23:01:45,682 [Worker-1] WARN  o.e.m.c.i.embedder.EclipseLogger - Using platform encoding (Cp1252 actually) to copy filtered resources, i.e. build is platform dependent!
2019-10-14 23:01:45,684 [Worker-1] INFO  o.e.m.c.i.embedder.EclipseLogger - Copying 0 resource
2019-10-14 23:06:37,649 [Worker-14] WARN  o.e.m.c.i.embedder.EclipseLogger - Using platform encoding (Cp1252 actually) to copy filtered resources, i.e. build is platform dependent!
2019-10-14 23:06:37,668 [Worker-14] INFO  o.e.m.c.i.embedder.EclipseLogger - Copying 0 resource
2019-10-14 23:06:37,670 [Worker-14] WARN  o.e.m.c.i.embedder.EclipseLogger - Using platform encoding (Cp1252 actually) to copy filtered resources, i.e. build is platform dependent!
2019-10-14 23:06:37,672 [Worker-14] INFO  o.e.m.c.i.embedder.EclipseLogger - Copying 0 resource
2019-10-14 23:07:27,255 [Worker-15] WARN  o.e.m.c.i.embedder.EclipseLogger - Using platform encoding (Cp1252 actually) to copy filtered resources, i.e. build is platform dependent!
2019-10-14 23:07:27,258 [Worker-15] INFO  o.e.m.c.i.embedder.EclipseLogger - Copying 0 resource
2019-10-14 23:07:27,261 [Worker-15] WARN  o.e.m.c.i.embedder.EclipseLogger - Using platform encoding (Cp1252 actually) to copy filtered resources, i.e. build is platform dependent!
2019-10-14 23:07:27,263 [Worker-15] INFO  o.e.m.c.i.embedder.EclipseLogger - Copying 0 resource
2019-10-14 23:07:28,490 [Worker-14] WARN  o.e.m.c.i.embedder.EclipseLogger - Using platform encoding (Cp1252 actually) to copy filtered resources, i.e. build is platform dependent!
2019-10-14 23:07:28,493 [Worker-14] INFO  o.e.m.c.i.embedder.EclipseLogger - Copying 0 resource
2019-10-14 23:07:28,495 [Worker-14] WARN  o.e.m.c.i.embedder.EclipseLogger - Using platform encoding (Cp1252 actually) to copy filtered resources, i.e. build is platform dependent!
2019-10-14 23:07:28,498 [Worker-14] INFO  o.e.m.c.i.embedder.EclipseLogger - Copying 0 resource
2019-10-14 23:08:04,828 [Worker-11] WARN  o.e.m.c.i.embedder.EclipseLogger - Using platform encoding (Cp1252 actually) to copy filtered resources, i.e. build is platform dependent!
2019-10-14 23:08:04,832 [Worker-11] INFO  o.e.m.c.i.embedder.EclipseLogger - Copying 0 resource
2019-10-14 23:08:04,836 [Worker-11] WARN  o.e.m.c.i.embedder.EclipseLogger - Using platform encoding (Cp1252 actually) to copy filtered resources, i.e. build is platform dependent!
2019-10-14 23:08:04,839 [Worker-11] INFO  o.e.m.c.i.embedder.EclipseLogger - Copying 0 resource
2019-10-14 23:15:21,682 [Worker-18] WARN  o.e.m.c.i.embedder.EclipseLogger - Using platform encoding (Cp1252 actually) to copy filtered resources, i.e. build is platform dependent!
2019-10-14 23:15:21,694 [Worker-18] INFO  o.e.m.c.i.embedder.EclipseLogger - Copying 0 resource
2019-10-14 23:15:21,698 [Worker-18] WARN  o.e.m.c.i.embedder.EclipseLogger - Using platform encoding (Cp1252 actually) to copy filtered resources, i.e. build is platform dependent!
2019-10-14 23:15:21,706 [Worker-18] INFO  o.e.m.c.i.embedder.EclipseLogger - Copying 0 resource
2019-10-14 23:15:44,106 [Worker-18] WARN  o.e.m.c.i.embedder.EclipseLogger - Using platform encoding (Cp1252 actually) to copy filtered resources, i.e. build is platform dependent!
2019-10-14 23:15:44,106 [Worker-18] INFO  o.e.m.c.i.embedder.EclipseLogger - Copying 0 resource
2019-10-14 23:15:44,110 [Worker-18] WARN  o.e.m.c.i.embedder.EclipseLogger - Using platform encoding (Cp1252 actually) to copy filtered resources, i.e. build is platform dependent!
2019-10-14 23:15:44,114 [Worker-18] INFO  o.e.m.c.i.embedder.EclipseLogger - Copying 0 resource
2019-10-14 23:16:45,002 [Worker-22] WARN  o.e.m.c.i.embedder.EclipseLogger - Using platform encoding (Cp1252 actually) to copy filtered resources, i.e. build is platform dependent!
2019-10-14 23:16:45,002 [Worker-22] INFO  o.e.m.c.i.embedder.EclipseLogger - Copying 0 resource
2019-10-14 23:16:45,006 [Worker-22] WARN  o.e.m.c.i.embedder.EclipseLogger - Using platform encoding (Cp1252 actually) to copy filtered resources, i.e. build is platform dependent!
2019-10-14 23:16:45,010 [Worker-22] INFO  o.e.m.c.i.embedder.EclipseLogger - Copying 0 resource
2019-10-14 23:20:32,806 [Worker-23] INFO  o.e.m.c.i.l.LifecycleMappingFactory - Using org.eclipse.m2e.jdt.JarLifecycleMapping lifecycle mapping for MavenProject: com.mi:report:0.0.1-SNAPSHOT @ C:\Report\report\pom.xml.
2019-10-14 23:20:33,178 [Worker-23] WARN  o.e.m.c.i.embedder.EclipseLogger - Using platform encoding (Cp1252 actually) to copy filtered resources, i.e. build is platform dependent!
2019-10-14 23:20:33,186 [Worker-23] INFO  o.e.m.c.i.embedder.EclipseLogger - Copying 0 resource
2019-10-14 23:20:33,194 [Worker-23] WARN  o.e.m.c.i.embedder.EclipseLogger - Using platform encoding (Cp1252 actually) to copy filtered resources, i.e. build is platform dependent!
2019-10-14 23:20:33,198 [Worker-23] INFO  o.e.m.c.i.embedder.EclipseLogger - Copying 0 resource
2019-10-14 23:20:34,648 [Worker-22] WARN  o.e.m.c.i.embedder.EclipseLogger - Using platform encoding (Cp1252 actually) to copy filtered resources, i.e. build is platform dependent!
2019-10-14 23:20:34,648 [Worker-22] INFO  o.e.m.c.i.embedder.EclipseLogger - Copying 0 resource
2019-10-14 23:20:34,652 [Worker-22] WARN  o.e.m.c.i.embedder.EclipseLogger - Using platform encoding (Cp1252 actually) to copy filtered resources, i.e. build is platform dependent!
2019-10-14 23:20:34,652 [Worker-22] INFO  o.e.m.c.i.embedder.EclipseLogger - Copying 0 resource
2019-10-14 23:21:52,068 [Worker-25] INFO  o.e.m.c.i.l.LifecycleMappingFactory - Using org.eclipse.m2e.jdt.JarLifecycleMapping lifecycle mapping for MavenProject: com.mi:report:0.0.1-SNAPSHOT @ C:\Report\report\pom.xml.
2019-10-14 23:21:52,538 [Worker-25] INFO  o.e.m.c.i.e.AbstractTransferListenerAdapter - Downloaded https://repo.maven.apache.org/maven2/org/junit/com.springsource.org.junit/4.11.0/com.springsource.org.junit-4.11.0.pom
2019-10-14 23:21:52,554 [Worker-25] WARN  o.e.m.c.i.embedder.EclipseLogger - The POM for org.junit:com.springsource.org.junit:jar:4.11.0 is missing, no dependency information available
2019-10-14 23:21:52,902 [Worker-25] INFO  o.e.m.c.i.e.AbstractTransferListenerAdapter - Downloaded https://repo.maven.apache.org/maven2/org/junit/com.springsource.org.junit/4.11.0/com.springsource.org.junit-4.11.0.jar
2019-10-14 23:21:53,160 [Worker-25] WARN  o.e.m.c.i.embedder.EclipseLogger - Using platform encoding (Cp1252 actually) to copy filtered resources, i.e. build is platform dependent!
2019-10-14 23:21:53,164 [Worker-25] INFO  o.e.m.c.i.embedder.EclipseLogger - Copying 0 resource
2019-10-14 23:21:53,164 [Worker-25] WARN  o.e.m.c.i.embedder.EclipseLogger - Using platform encoding (Cp1252 actually) to copy filtered resources, i.e. build is platform dependent!
2019-10-14 23:21:53,168 [Worker-25] INFO  o.e.m.c.i.embedder.EclipseLogger - Copying 0 resource
2019-10-14 23:22:58,299 [Worker-23] INFO  o.e.m.c.i.e.AbstractTransferListenerAdapter - Downloaded https://repo.maven.apache.org/maven2/org/junit/org.junit/3.8.2.v200706111738/org.junit-3.8.2.v200706111738.pom
2019-10-14 23:22:58,311 [Worker-23] WARN  o.e.m.c.i.embedder.EclipseLogger - The POM for org.junit:org.junit:jar:3.8.2.v200706111738 is missing, no dependency information available
2019-10-14 23:22:58,419 [Worker-22] INFO  o.e.m.c.i.l.LifecycleMappingFactory - Using org.eclipse.m2e.jdt.JarLifecycleMapping lifecycle mapping for MavenProject: com.mi:report:0.0.1-SNAPSHOT @ C:\Report\report\pom.xml.
2019-10-14 23:22:58,512 [Worker-22] WARN  o.e.m.c.i.embedder.EclipseLogger - The POM for org.junit:org.junit:jar:3.8.2.v200706111738 is missing, no dependency information available
2019-10-14 23:22:58,589 [Worker-23] INFO  o.e.m.c.i.e.AbstractTransferListenerAdapter - Downloaded https://repo.maven.apache.org/maven2/org/junit/org.junit/3.8.2.v200706111738/org.junit-3.8.2.v200706111738.jar
2019-10-14 23:22:58,768 [Worker-22] INFO  o.e.m.c.i.e.AbstractTransferListenerAdapter - Downloaded https://repo.maven.apache.org/maven2/org/junit/org.junit/3.8.2.v200706111738/org.junit-3.8.2.v200706111738.jar
2019-10-14 23:22:58,952 [Worker-22] WARN  o.e.m.c.i.embedder.EclipseLogger - Using platform encoding (Cp1252 actually) to copy filtered resources, i.e. build is platform dependent!
2019-10-14 23:22:58,952 [Worker-22] INFO  o.e.m.c.i.embedder.EclipseLogger - Copying 0 resource
2019-10-14 23:22:58,956 [Worker-22] WARN  o.e.m.c.i.embedder.EclipseLogger - Using platform encoding (Cp1252 actually) to copy filtered resources, i.e. build is platform dependent!
2019-10-14 23:22:58,956 [Worker-22] INFO  o.e.m.c.i.embedder.EclipseLogger - Copying 0 resource
2019-10-14 23:24:09,642 [Worker-27] WARN  o.e.m.c.i.embedder.EclipseLogger - The POM for org.junit:org.junit:jar:3.8.2.v200706111738 is missing, no dependency information available
2019-10-14 23:24:09,922 [Worker-23] INFO  o.e.m.c.i.l.LifecycleMappingFactory - Using org.eclipse.m2e.jdt.JarLifecycleMapping lifecycle mapping for MavenProject: com.mi:report:0.0.1-SNAPSHOT @ C:\Report\report\pom.xml.
2019-10-14 23:24:09,994 [Worker-23] WARN  o.e.m.c.i.embedder.EclipseLogger - The POM for org.junit:org.junit:jar:3.8.2.v200706111738 is missing, no dependency information available
2019-10-14 23:24:10,134 [Worker-23] WARN  o.e.m.c.i.embedder.EclipseLogger - Using platform encoding (Cp1252 actually) to copy filtered resources, i.e. build is platform dependent!
2019-10-14 23:24:10,134 [Worker-23] INFO  o.e.m.c.i.embedder.EclipseLogger - Copying 0 resource
2019-10-14 23:24:10,138 [Worker-23] WARN  o.e.m.c.i.embedder.EclipseLogger - Using platform encoding (Cp1252 actually) to copy filtered resources, i.e. build is platform dependent!
2019-10-14 23:24:10,138 [Worker-23] INFO  o.e.m.c.i.embedder.EclipseLogger - Copying 0 resource
2019-10-14 23:24:11,278 [Worker-22] WARN  o.e.m.c.i.embedder.EclipseLogger - The POM for org.junit:org.junit:jar:3.8.2.v200706111738 is missing, no dependency information available
2019-10-14 23:24:11,298 [Worker-22] WARN  o.e.m.c.i.embedder.EclipseLogger - Using platform encoding (Cp1252 actually) to copy filtered resources, i.e. build is platform dependent!
2019-10-14 23:24:11,306 [Worker-22] INFO  o.e.m.c.i.embedder.EclipseLogger - Copying 0 resource
2019-10-14 23:24:11,310 [Worker-22] WARN  o.e.m.c.i.embedder.EclipseLogger - Using platform encoding (Cp1252 actually) to copy filtered resources, i.e. build is platform dependent!
2019-10-14 23:24:11,314 [Worker-22] INFO  o.e.m.c.i.embedder.EclipseLogger - Copying 0 resource
2019-10-14 23:24:55,787 [Worker-22] INFO  o.e.m.c.i.p.ProjectConfigurationManager - Update started
2019-10-14 23:24:56,239 [Worker-22] INFO  o.e.m.c.i.l.LifecycleMappingFactory - Using org.eclipse.m2e.jdt.JarLifecycleMapping lifecycle mapping for MavenProject: com.mi:report:0.0.1-SNAPSHOT @ C:\Report\report\pom.xml.
2019-10-14 23:24:56,775 [Worker-22] INFO  o.e.m.c.i.e.AbstractTransferListenerAdapter - Downloaded https://repo.maven.apache.org/maven2/org/junit/org.junit/3.8.2.v200706111738/org.junit-3.8.2.v200706111738.pom
2019-10-14 23:24:56,795 [Worker-22] WARN  o.e.m.c.i.embedder.EclipseLogger - The POM for org.junit:org.junit:jar:3.8.2.v200706111738 is missing, no dependency information available
2019-10-14 23:24:57,159 [Worker-22] INFO  o.e.m.c.i.e.AbstractTransferListenerAdapter - Downloaded https://repo.maven.apache.org/maven2/org/junit/org.junit/3.8.2.v200706111738/org.junit-3.8.2.v200706111738.jar
2019-10-14 23:24:57,427 [Worker-22] INFO  o.e.m.j.i.AbstractJavaProjectConfigurator - Adding source folder /report/src/main/java
2019-10-14 23:24:57,431 [Worker-22] INFO  o.e.m.j.i.AbstractJavaProjectConfigurator - Adding resource folder /report/src/main/resources
2019-10-14 23:24:57,431 [Worker-22] INFO  o.e.m.j.i.AbstractJavaProjectConfigurator - Adding source folder /report/src/test/java
2019-10-14 23:24:57,431 [Worker-22] INFO  o.e.m.j.i.AbstractJavaProjectConfigurator - Adding resource folder /report/src/test/resources
2019-10-14 23:24:57,595 [Worker-22] INFO  o.e.m.c.i.p.ProjectConfigurationManager - Update completed: 1 sec
2019-10-14 23:24:57,823 [Worker-22] WARN  o.e.m.c.i.embedder.EclipseLogger - The POM for org.junit:org.junit:jar:3.8.2.v200706111738 is missing, no dependency information available
2019-10-14 23:24:57,843 [Worker-22] WARN  o.e.m.c.i.embedder.EclipseLogger - Using platform encoding (Cp1252 actually) to copy filtered resources, i.e. build is platform dependent!
2019-10-14 23:24:57,847 [Worker-22] INFO  o.e.m.c.i.embedder.EclipseLogger - Copying 0 resource
2019-10-14 23:24:57,847 [Worker-22] WARN  o.e.m.c.i.embedder.EclipseLogger - Using platform encoding (Cp1252 actually) to copy filtered resources, i.e. build is platform dependent!
2019-10-14 23:24:57,851 [Worker-22] INFO  o.e.m.c.i.embedder.EclipseLogger - Copying 0 resource
2019-10-14 23:25:00,370 [Worker-22] WARN  o.e.m.c.i.embedder.EclipseLogger - Using platform encoding (Cp1252 actually) to copy filtered resources, i.e. build is platform dependent!
2019-10-14 23:25:00,374 [Worker-22] INFO  o.e.m.c.i.embedder.EclipseLogger - Copying 0 resource
2019-10-14 23:25:00,374 [Worker-22] WARN  o.e.m.c.i.embedder.EclipseLogger - Using platform encoding (Cp1252 actually) to copy filtered resources, i.e. build is platform dependent!
2019-10-14 23:25:00,378 [Worker-22] INFO  o.e.m.c.i.embedder.EclipseLogger - Copying 0 resource
2019-10-14 23:25:12,579 [Worker-28] INFO  o.e.m.i.launch.MavenLaunchDelegate - C:\Report\report
2019-10-14 23:25:12,579 [Worker-28] INFO  o.e.m.i.launch.MavenLaunchDelegate -  mvn -B install
2019-10-14 23:25:42,587 [Worker-28] INFO  o.e.m.c.i.l.LifecycleMappingFactory - Using org.eclipse.m2e.jdt.JarLifecycleMapping lifecycle mapping for MavenProject: com.mi:report:0.0.1-SNAPSHOT @ C:\Report\report\pom.xml.
2019-10-14 23:25:42,907 [Worker-28] WARN  o.e.m.c.i.embedder.EclipseLogger - Using platform encoding (Cp1252 actually) to copy filtered resources, i.e. build is platform dependent!
2019-10-14 23:25:42,911 [Worker-28] INFO  o.e.m.c.i.embedder.EclipseLogger - Copying 0 resource
2019-10-14 23:25:42,913 [Worker-28] WARN  o.e.m.c.i.embedder.EclipseLogger - Using platform encoding (Cp1252 actually) to copy filtered resources, i.e. build is platform dependent!
2019-10-14 23:25:42,917 [Worker-28] INFO  o.e.m.c.i.embedder.EclipseLogger - Copying 0 resource
2019-10-14 23:25:44,124 [Worker-23] WARN  o.e.m.c.i.embedder.EclipseLogger - Using platform encoding (Cp1252 actually) to copy filtered resources, i.e. build is platform dependent!
2019-10-14 23:25:44,128 [Worker-23] INFO  o.e.m.c.i.embedder.EclipseLogger - Copying 0 resource
2019-10-14 23:25:44,128 [Worker-23] WARN  o.e.m.c.i.embedder.EclipseLogger - Using platform encoding (Cp1252 actually) to copy filtered resources, i.e. build is platform dependent!
2019-10-14 23:25:44,128 [Worker-23] INFO  o.e.m.c.i.embedder.EclipseLogger - Copying 0 resource
2019-10-14 23:25:54,023 [Worker-23] WARN  o.e.m.c.i.embedder.EclipseLogger - Using platform encoding (Cp1252 actually) to copy filtered resources, i.e. build is platform dependent!
2019-10-14 23:25:54,027 [Worker-23] INFO  o.e.m.c.i.embedder.EclipseLogger - Copying 0 resource
2019-10-14 23:25:54,027 [Worker-23] WARN  o.e.m.c.i.embedder.EclipseLogger - Using platform encoding (Cp1252 actually) to copy filtered resources, i.e. build is platform dependent!
2019-10-14 23:25:54,031 [Worker-23] INFO  o.e.m.c.i.embedder.EclipseLogger - Copying 0 resource
2019-10-14 23:26:03,582 [Worker-26] WARN  o.e.m.c.i.embedder.EclipseLogger - Using platform encoding (Cp1252 actually) to copy filtered resources, i.e. build is platform dependent!
2019-10-14 23:26:03,586 [Worker-26] INFO  o.e.m.c.i.embedder.EclipseLogger - Copying 0 resource
2019-10-14 23:26:03,586 [Worker-26] WARN  o.e.m.c.i.embedder.EclipseLogger - Using platform encoding (Cp1252 actually) to copy filtered resources, i.e. build is platform dependent!
2019-10-14 23:26:03,586 [Worker-26] INFO  o.e.m.c.i.embedder.EclipseLogger - Copying 0 resource
2019-10-14 23:26:11,403 [Worker-23] WARN  o.e.m.c.i.embedder.EclipseLogger - Using platform encoding (Cp1252 actually) to copy filtered resources, i.e. build is platform dependent!
2019-10-14 23:26:11,407 [Worker-23] INFO  o.e.m.c.i.embedder.EclipseLogger - Copying 0 resource
2019-10-14 23:26:11,411 [Worker-23] WARN  o.e.m.c.i.embedder.EclipseLogger - Using platform encoding (Cp1252 actually) to copy filtered resources, i.e. build is platform dependent!
2019-10-14 23:26:11,411 [Worker-23] INFO  o.e.m.c.i.embedder.EclipseLogger - Copying 0 resource
2019-10-14 23:26:44,464 [Worker-23] INFO  o.e.m.c.i.l.LifecycleMappingFactory - Using org.eclipse.m2e.jdt.JarLifecycleMapping lifecycle mapping for MavenProject: com.mi:report:0.0.1-SNAPSHOT @ C:\Report\report\pom.xml.
2019-10-14 23:26:44,568 [Worker-23] WARN  o.e.m.c.i.embedder.EclipseLogger - The POM for org.junit:org.junit:jar:3.8.2.v200706111738 is missing, no dependency information available
2019-10-14 23:26:44,772 [Worker-23] WARN  o.e.m.c.i.embedder.EclipseLogger - Using platform encoding (Cp1252 actually) to copy filtered resources, i.e. build is platform dependent!
2019-10-14 23:26:44,776 [Worker-23] INFO  o.e.m.c.i.embedder.EclipseLogger - Copying 0 resource
2019-10-14 23:26:44,780 [Worker-23] WARN  o.e.m.c.i.embedder.EclipseLogger - Using platform encoding (Cp1252 actually) to copy filtered resources, i.e. build is platform dependent!
2019-10-14 23:26:44,784 [Worker-23] INFO  o.e.m.c.i.embedder.EclipseLogger - Copying 0 resource
2019-10-14 23:34:11,514 [Worker-21] WARN  o.e.m.c.i.embedder.EclipseLogger - The POM for org.junit:org.junit:jar:3.8.2.v200706111738 is missing, no dependency information available
2019-10-14 23:34:11,557 [Worker-21] WARN  o.e.m.c.i.embedder.EclipseLogger - Using platform encoding (Cp1252 actually) to copy filtered resources, i.e. build is platform dependent!
2019-10-14 23:34:11,563 [Worker-21] INFO  o.e.m.c.i.embedder.EclipseLogger - Copying 0 resource
2019-10-14 23:34:11,569 [Worker-21] WARN  o.e.m.c.i.embedder.EclipseLogger - Using platform encoding (Cp1252 actually) to copy filtered resources, i.e. build is platform dependent!
2019-10-14 23:34:11,572 [Worker-21] INFO  o.e.m.c.i.embedder.EclipseLogger - Copying 0 resource
2019-10-14 23:36:47,634 [Worker-30] INFO  o.e.m.i.launch.MavenLaunchDelegate - C:\Report\report
2019-10-14 23:36:47,635 [Worker-30] INFO  o.e.m.i.launch.MavenLaunchDelegate -  mvn -B clean
2019-10-14 23:36:50,946 [Worker-32] WARN  o.e.m.c.i.embedder.EclipseLogger - Using platform encoding (Cp1252 actually) to copy filtered resources, i.e. build is platform dependent!
2019-10-14 23:36:50,962 [Worker-32] INFO  o.e.m.c.i.embedder.EclipseLogger - Copying 0 resource
2019-10-14 23:36:50,964 [Worker-32] WARN  o.e.m.c.i.embedder.EclipseLogger - Using platform encoding (Cp1252 actually) to copy filtered resources, i.e. build is platform dependent!
2019-10-14 23:36:50,968 [Worker-32] INFO  o.e.m.c.i.embedder.EclipseLogger - Copying 0 resource
2019-10-14 23:37:40,216 [Worker-34] INFO  o.e.m.i.launch.MavenLaunchDelegate - C:\Report\report
2019-10-14 23:37:40,216 [Worker-34] INFO  o.e.m.i.launch.MavenLaunchDelegate -  mvn -B install
2019-10-14 23:39:13,419 [Worker-31] INFO  o.e.m.c.i.l.LifecycleMappingFactory - Using org.eclipse.m2e.jdt.JarLifecycleMapping lifecycle mapping for MavenProject: com.mi:report:0.0.1-SNAPSHOT @ C:\Report\report\pom.xml.
2019-10-14 23:40:11,628 [Worker-33] INFO  o.e.m.c.i.l.LifecycleMappingFactory - Using org.eclipse.m2e.jdt.JarLifecycleMapping lifecycle mapping for MavenProject: com.mi:report:0.0.1-SNAPSHOT @ C:\Report\report\pom.xml.
2019-10-14 23:40:12,056 [Worker-33] INFO  o.e.m.c.i.e.AbstractTransferListenerAdapter - Downloaded https://repo.maven.apache.org/maven2/org/junit/org.junit/3.8.2/org.junit-3.8.2.pom
2019-10-14 23:40:12,081 [Worker-33] WARN  o.e.m.c.i.embedder.EclipseLogger - The POM for org.junit:org.junit:jar:3.8.2 is missing, no dependency information available
2019-10-14 23:40:12,300 [Worker-33] INFO  o.e.m.c.i.e.AbstractTransferListenerAdapter - Downloaded https://repo.maven.apache.org/maven2/org/junit/org.junit/3.8.2/org.junit-3.8.2.jar
2019-10-14 23:40:12,642 [Worker-33] WARN  o.e.m.c.i.embedder.EclipseLogger - Using platform encoding (Cp1252 actually) to copy filtered resources, i.e. build is platform dependent!
2019-10-14 23:40:12,644 [Worker-33] INFO  o.e.m.c.i.embedder.EclipseLogger - Copying 0 resource
2019-10-14 23:40:12,647 [Worker-33] WARN  o.e.m.c.i.embedder.EclipseLogger - Using platform encoding (Cp1252 actually) to copy filtered resources, i.e. build is platform dependent!
2019-10-14 23:40:12,648 [Worker-33] INFO  o.e.m.c.i.embedder.EclipseLogger - Copying 0 resource
2019-10-14 23:43:31,831 [Worker-34] INFO  o.e.m.c.i.l.LifecycleMappingFactory - Using org.eclipse.m2e.jdt.JarLifecycleMapping lifecycle mapping for MavenProject: com.mi:report:0.0.1-SNAPSHOT @ C:\Report\report\pom.xml.
2019-10-14 23:43:32,074 [Worker-34] WARN  o.e.m.c.i.embedder.EclipseLogger - Using platform encoding (Cp1252 actually) to copy filtered resources, i.e. build is platform dependent!
2019-10-14 23:43:32,081 [Worker-34] INFO  o.e.m.c.i.embedder.EclipseLogger - Copying 0 resource
2019-10-14 23:43:32,083 [Worker-34] WARN  o.e.m.c.i.embedder.EclipseLogger - Using platform encoding (Cp1252 actually) to copy filtered resources, i.e. build is platform dependent!
2019-10-14 23:43:32,086 [Worker-34] INFO  o.e.m.c.i.embedder.EclipseLogger - Copying 0 resource
2019-10-14 23:43:33,394 [Worker-34] WARN  o.e.m.c.i.embedder.EclipseLogger - Using platform encoding (Cp1252 actually) to copy filtered resources, i.e. build is platform dependent!
2019-10-14 23:43:33,396 [Worker-34] INFO  o.e.m.c.i.embedder.EclipseLogger - Copying 0 resource
2019-10-14 23:43:33,398 [Worker-34] WARN  o.e.m.c.i.embedder.EclipseLogger - Using platform encoding (Cp1252 actually) to copy filtered resources, i.e. build is platform dependent!
2019-10-14 23:43:33,401 [Worker-34] INFO  o.e.m.c.i.embedder.EclipseLogger - Copying 0 resource
2019-10-14 23:48:00,795 [Worker-39] WARN  o.e.m.c.i.embedder.EclipseLogger - Using platform encoding (Cp1252 actually) to copy filtered resources, i.e. build is platform dependent!
2019-10-14 23:48:00,798 [Worker-39] INFO  o.e.m.c.i.embedder.EclipseLogger - Copying 0 resource
2019-10-14 23:48:00,800 [Worker-39] WARN  o.e.m.c.i.embedder.EclipseLogger - Using platform encoding (Cp1252 actually) to copy filtered resources, i.e. build is platform dependent!
2019-10-14 23:48:00,802 [Worker-39] INFO  o.e.m.c.i.embedder.EclipseLogger - Copying 0 resource
2019-10-14 23:48:07,945 [Worker-39] WARN  o.e.m.c.i.embedder.EclipseLogger - Using platform encoding (Cp1252 actually) to copy filtered resources, i.e. build is platform dependent!
2019-10-14 23:48:07,947 [Worker-39] INFO  o.e.m.c.i.embedder.EclipseLogger - Copying 0 resource
2019-10-14 23:48:07,948 [Worker-39] WARN  o.e.m.c.i.embedder.EclipseLogger - Using platform encoding (Cp1252 actually) to copy filtered resources, i.e. build is platform dependent!
2019-10-14 23:48:07,950 [Worker-39] INFO  o.e.m.c.i.embedder.EclipseLogger - Copying 0 resource
2019-10-14 23:48:24,341 [Worker-39] INFO  o.e.m.i.launch.MavenLaunchDelegate - C:\Report\report
2019-10-14 23:48:24,341 [Worker-39] INFO  o.e.m.i.launch.MavenLaunchDelegate -  mvn -B install
2019-10-14 23:48:27,616 [Worker-40] WARN  o.e.m.c.i.embedder.EclipseLogger - Using platform encoding (Cp1252 actually) to copy filtered resources, i.e. build is platform dependent!
2019-10-14 23:48:27,622 [Worker-40] INFO  o.e.m.c.i.embedder.EclipseLogger - Copying 0 resource
2019-10-14 23:48:27,624 [Worker-40] WARN  o.e.m.c.i.embedder.EclipseLogger - Using platform encoding (Cp1252 actually) to copy filtered resources, i.e. build is platform dependent!
2019-10-14 23:48:27,626 [Worker-40] INFO  o.e.m.c.i.embedder.EclipseLogger - Copying 0 resource
2019-10-14 23:49:16,314 [Worker-21] WARN  o.e.m.c.i.embedder.EclipseLogger - Using platform encoding (Cp1252 actually) to copy filtered resources, i.e. build is platform dependent!
2019-10-14 23:49:16,339 [Worker-21] INFO  o.e.m.c.i.embedder.EclipseLogger - Copying 0 resource
2019-10-14 23:49:16,341 [Worker-21] WARN  o.e.m.c.i.embedder.EclipseLogger - Using platform encoding (Cp1252 actually) to copy filtered resources, i.e. build is platform dependent!
2019-10-14 23:49:16,343 [Worker-21] INFO  o.e.m.c.i.embedder.EclipseLogger - Copying 0 resource
2019-10-14 23:49:24,130 [Worker-41] INFO  o.e.m.i.launch.MavenLaunchDelegate - C:\Report\report
2019-10-14 23:49:24,131 [Worker-41] INFO  o.e.m.i.launch.MavenLaunchDelegate -  mvn -B install
2019-10-14 23:49:27,295 [Worker-41] WARN  o.e.m.c.i.embedder.EclipseLogger - Using platform encoding (Cp1252 actually) to copy filtered resources, i.e. build is platform dependent!
2019-10-14 23:49:27,300 [Worker-41] INFO  o.e.m.c.i.embedder.EclipseLogger - Copying 0 resource
2019-10-14 23:49:27,303 [Worker-41] WARN  o.e.m.c.i.embedder.EclipseLogger - Using platform encoding (Cp1252 actually) to copy filtered resources, i.e. build is platform dependent!
2019-10-14 23:49:27,308 [Worker-41] INFO  o.e.m.c.i.embedder.EclipseLogger - Copying 0 resource
2019-10-14 23:50:04,867 [Worker-40] WARN  o.e.m.c.i.embedder.EclipseLogger - Using platform encoding (Cp1252 actually) to copy filtered resources, i.e. build is platform dependent!
2019-10-14 23:50:04,871 [Worker-40] INFO  o.e.m.c.i.embedder.EclipseLogger - Copying 0 resource
2019-10-14 23:50:04,877 [Worker-40] WARN  o.e.m.c.i.embedder.EclipseLogger - Using platform encoding (Cp1252 actually) to copy filtered resources, i.e. build is platform dependent!
2019-10-14 23:50:04,881 [Worker-40] INFO  o.e.m.c.i.embedder.EclipseLogger - Copying 0 resource
2019-10-14 23:50:15,990 [Worker-21] INFO  o.e.m.i.launch.MavenLaunchDelegate - C:\Report\report
2019-10-14 23:50:15,991 [Worker-21] INFO  o.e.m.i.launch.MavenLaunchDelegate -  mvn -B install
2019-10-14 23:50:21,421 [Worker-34] WARN  o.e.m.c.i.embedder.EclipseLogger - Using platform encoding (Cp1252 actually) to copy filtered resources, i.e. build is platform dependent!
2019-10-14 23:50:21,424 [Worker-34] INFO  o.e.m.c.i.embedder.EclipseLogger - Copying 0 resource
2019-10-14 23:50:21,425 [Worker-34] WARN  o.e.m.c.i.embedder.EclipseLogger - Using platform encoding (Cp1252 actually) to copy filtered resources, i.e. build is platform dependent!
2019-10-14 23:50:21,428 [Worker-34] INFO  o.e.m.c.i.embedder.EclipseLogger - Copying 0 resource
2019-10-14 23:53:12,988 [Worker-21] WARN  o.e.m.c.i.embedder.EclipseLogger - Using platform encoding (Cp1252 actually) to copy filtered resources, i.e. build is platform dependent!
2019-10-14 23:53:12,990 [Worker-21] INFO  o.e.m.c.i.embedder.EclipseLogger - Copying 0 resource
2019-10-14 23:53:12,992 [Worker-21] WARN  o.e.m.c.i.embedder.EclipseLogger - Using platform encoding (Cp1252 actually) to copy filtered resources, i.e. build is platform dependent!
2019-10-14 23:53:12,995 [Worker-21] INFO  o.e.m.c.i.embedder.EclipseLogger - Copying 0 resource
2019-10-14 23:55:24,001 [Worker-40] WARN  o.e.m.c.i.embedder.EclipseLogger - Using platform encoding (Cp1252 actually) to copy filtered resources, i.e. build is platform dependent!
2019-10-14 23:55:24,006 [Worker-40] INFO  o.e.m.c.i.embedder.EclipseLogger - Copying 0 resource
2019-10-14 23:55:24,011 [Worker-40] WARN  o.e.m.c.i.embedder.EclipseLogger - Using platform encoding (Cp1252 actually) to copy filtered resources, i.e. build is platform dependent!
2019-10-14 23:55:24,018 [Worker-40] INFO  o.e.m.c.i.embedder.EclipseLogger - Copying 1 resource
2019-10-15 00:01:14,833 [Worker-47] INFO  o.e.m.i.launch.MavenLaunchDelegate - C:\Report\report
2019-10-15 00:01:14,834 [Worker-47] INFO  o.e.m.i.launch.MavenLaunchDelegate -  mvn -B mvn install
2019-10-15 00:02:54,601 [Worker-34] INFO  o.e.m.i.launch.MavenLaunchDelegate - C:\Report\report
2019-10-15 00:02:54,602 [Worker-34] INFO  o.e.m.i.launch.MavenLaunchDelegate -  mvn -B jetty:run
2019-10-15 00:04:21,017 [Worker-45] INFO  o.e.m.i.launch.MavenLaunchDelegate - C:\Report\report
2019-10-15 00:04:21,018 [Worker-45] INFO  o.e.m.i.launch.MavenLaunchDelegate -  mvn -B clean install
2019-10-15 00:07:25,071 [Worker-47] WARN  o.e.m.c.i.embedder.EclipseLogger - Using platform encoding (Cp1252 actually) to copy filtered resources, i.e. build is platform dependent!
2019-10-15 00:07:25,075 [Worker-47] INFO  o.e.m.c.i.embedder.EclipseLogger - Copying 0 resource
2019-10-15 00:07:25,078 [Worker-47] WARN  o.e.m.c.i.embedder.EclipseLogger - Using platform encoding (Cp1252 actually) to copy filtered resources, i.e. build is platform dependent!
2019-10-15 00:07:25,080 [Worker-47] INFO  o.e.m.c.i.embedder.EclipseLogger - Copying 1 resource
2019-10-15 00:07:32,468 [Worker-47] INFO  o.e.m.c.i.p.ProjectConfigurationManager - Update started
2019-10-15 00:07:32,883 [Worker-47] INFO  o.e.m.c.i.l.LifecycleMappingFactory - Using org.eclipse.m2e.jdt.JarLifecycleMapping lifecycle mapping for MavenProject: com.mi:report:0.0.1-SNAPSHOT @ C:\Report\report\pom.xml.
2019-10-15 00:07:33,664 [Worker-47] INFO  o.e.m.j.i.AbstractJavaProjectConfigurator - Adding source folder /report/src/main/java
2019-10-15 00:07:33,665 [Worker-47] INFO  o.e.m.j.i.AbstractJavaProjectConfigurator - Adding resource folder /report/src/main/resources
2019-10-15 00:07:33,666 [Worker-47] INFO  o.e.m.j.i.AbstractJavaProjectConfigurator - Adding source folder /report/src/test/java
2019-10-15 00:07:33,667 [Worker-47] INFO  o.e.m.j.i.AbstractJavaProjectConfigurator - Adding resource folder /report/src/test/resources
2019-10-15 00:07:33,880 [Worker-47] INFO  o.e.m.c.i.p.ProjectConfigurationManager - Update completed: 1 sec
2019-10-15 00:07:34,250 [Worker-52] WARN  o.e.m.c.i.embedder.EclipseLogger - Using platform encoding (Cp1252 actually) to copy filtered resources, i.e. build is platform dependent!
2019-10-15 00:07:34,252 [Worker-52] INFO  o.e.m.c.i.embedder.EclipseLogger - Copying 0 resource
2019-10-15 00:07:34,255 [Worker-52] WARN  o.e.m.c.i.embedder.EclipseLogger - Using platform encoding (Cp1252 actually) to copy filtered resources, i.e. build is platform dependent!
2019-10-15 00:07:34,258 [Worker-52] INFO  o.e.m.c.i.embedder.EclipseLogger - Copying 1 resource
2019-10-15 00:07:47,507 [Worker-53] INFO  o.e.m.i.launch.MavenLaunchDelegate - C:\Report\report
2019-10-15 00:07:47,507 [Worker-53] INFO  o.e.m.i.launch.MavenLaunchDelegate -  mvn -B clean install
2019-10-15 00:09:04,462 [Worker-49] WARN  o.e.m.c.i.embedder.EclipseLogger - Using platform encoding (Cp1252 actually) to copy filtered resources, i.e. build is platform dependent!
2019-10-15 00:09:04,466 [Worker-49] INFO  o.e.m.c.i.embedder.EclipseLogger - Copying 0 resource
2019-10-15 00:09:04,467 [Worker-49] WARN  o.e.m.c.i.embedder.EclipseLogger - Using platform encoding (Cp1252 actually) to copy filtered resources, i.e. build is platform dependent!
2019-10-15 00:09:04,470 [Worker-49] INFO  o.e.m.c.i.embedder.EclipseLogger - Copying 1 resource
2019-10-15 00:09:15,574 [Worker-34] WARN  o.e.m.c.i.embedder.EclipseLogger - Using platform encoding (Cp1252 actually) to copy filtered resources, i.e. build is platform dependent!
2019-10-15 00:09:15,577 [Worker-34] INFO  o.e.m.c.i.embedder.EclipseLogger - Copying 0 resource
2019-10-15 00:09:15,579 [Worker-34] WARN  o.e.m.c.i.embedder.EclipseLogger - Using platform encoding (Cp1252 actually) to copy filtered resources, i.e. build is platform dependent!
2019-10-15 00:09:15,582 [Worker-34] INFO  o.e.m.c.i.embedder.EclipseLogger - Copying 1 resource
2019-10-15 00:09:28,589 [main] INFO  o.e.m2e.actions.ExecutePomAction - Creating new launch configuration
2019-10-15 00:10:49,854 [Worker-51] WARN  o.e.m.c.i.embedder.EclipseLogger - Using platform encoding (Cp1252 actually) to copy filtered resources, i.e. build is platform dependent!
2019-10-15 00:10:49,863 [Worker-51] INFO  o.e.m.c.i.embedder.EclipseLogger - Copying 1 resource
2019-10-15 00:10:49,883 [Worker-51] WARN  o.e.m.c.i.embedder.EclipseLogger - Using platform encoding (Cp1252 actually) to copy filtered resources, i.e. build is platform dependent!
2019-10-15 00:10:49,886 [Worker-51] INFO  o.e.m.c.i.embedder.EclipseLogger - Copying 0 resource
2019-10-15 00:11:49,859 [Worker-49] WARN  o.e.m.c.i.embedder.EclipseLogger - Using platform encoding (Cp1252 actually) to copy filtered resources, i.e. build is platform dependent!
2019-10-15 00:11:49,865 [Worker-49] INFO  o.e.m.c.i.embedder.EclipseLogger - Copying 0 resource
2019-10-15 00:11:49,868 [Worker-49] WARN  o.e.m.c.i.embedder.EclipseLogger - Using platform encoding (Cp1252 actually) to copy filtered resources, i.e. build is platform dependent!
2019-10-15 00:11:49,873 [Worker-49] INFO  o.e.m.c.i.embedder.EclipseLogger - Copying 0 resource
2019-10-15 00:15:21,513 [Worker-55] WARN  o.e.m.c.i.embedder.EclipseLogger - Using platform encoding (Cp1252 actually) to copy filtered resources, i.e. build is platform dependent!
2019-10-15 00:15:21,517 [Worker-55] INFO  o.e.m.c.i.embedder.EclipseLogger - Copying 0 resource
2019-10-15 00:15:21,519 [Worker-55] WARN  o.e.m.c.i.embedder.EclipseLogger - Using platform encoding (Cp1252 actually) to copy filtered resources, i.e. build is platform dependent!
2019-10-15 00:15:21,522 [Worker-55] INFO  o.e.m.c.i.embedder.EclipseLogger - Copying 0 resource
2019-10-15 00:15:24,183 [Worker-53] WARN  o.e.m.c.i.embedder.EclipseLogger - Using platform encoding (Cp1252 actually) to copy filtered resources, i.e. build is platform dependent!
2019-10-15 00:15:24,185 [Worker-53] INFO  o.e.m.c.i.embedder.EclipseLogger - Copying 0 resource
2019-10-15 00:15:24,186 [Worker-53] WARN  o.e.m.c.i.embedder.EclipseLogger - Using platform encoding (Cp1252 actually) to copy filtered resources, i.e. build is platform dependent!
2019-10-15 00:15:24,188 [Worker-53] INFO  o.e.m.c.i.embedder.EclipseLogger - Copying 0 resource
2019-10-15 00:16:10,034 [Worker-54] WARN  o.e.m.c.i.embedder.EclipseLogger - Using platform encoding (Cp1252 actually) to copy filtered resources, i.e. build is platform dependent!
2019-10-15 00:16:10,036 [Worker-54] INFO  o.e.m.c.i.embedder.EclipseLogger - Copying 0 resource
2019-10-15 00:16:10,039 [Worker-54] WARN  o.e.m.c.i.embedder.EclipseLogger - Using platform encoding (Cp1252 actually) to copy filtered resources, i.e. build is platform dependent!
2019-10-15 00:16:10,041 [Worker-54] INFO  o.e.m.c.i.embedder.EclipseLogger - Copying 0 resource
2019-10-15 00:16:23,726 [Worker-55] WARN  o.e.m.c.i.embedder.EclipseLogger - Using platform encoding (Cp1252 actually) to copy filtered resources, i.e. build is platform dependent!
2019-10-15 00:16:23,729 [Worker-55] INFO  o.e.m.c.i.embedder.EclipseLogger - Copying 0 resource
2019-10-15 00:16:23,731 [Worker-55] WARN  o.e.m.c.i.embedder.EclipseLogger - Using platform encoding (Cp1252 actually) to copy filtered resources, i.e. build is platform dependent!
2019-10-15 00:16:23,733 [Worker-55] INFO  o.e.m.c.i.embedder.EclipseLogger - Copying 0 resource
2019-10-15 00:20:26,432 [Worker-53] WARN  o.e.m.c.i.embedder.EclipseLogger - Using platform encoding (Cp1252 actually) to copy filtered resources, i.e. build is platform dependent!
2019-10-15 00:20:26,434 [Worker-53] INFO  o.e.m.c.i.embedder.EclipseLogger - Copying 0 resource
2019-10-15 00:20:26,435 [Worker-53] WARN  o.e.m.c.i.embedder.EclipseLogger - Using platform encoding (Cp1252 actually) to copy filtered resources, i.e. build is platform dependent!
2019-10-15 00:20:26,437 [Worker-53] INFO  o.e.m.c.i.embedder.EclipseLogger - Copying 0 resource
2019-10-15 00:21:55,163 [Worker-59] WARN  o.e.m.c.i.embedder.EclipseLogger - Using platform encoding (Cp1252 actually) to copy filtered resources, i.e. build is platform dependent!
2019-10-15 00:21:55,165 [Worker-59] INFO  o.e.m.c.i.embedder.EclipseLogger - Copying 0 resource
2019-10-15 00:21:55,166 [Worker-59] WARN  o.e.m.c.i.embedder.EclipseLogger - Using platform encoding (Cp1252 actually) to copy filtered resources, i.e. build is platform dependent!
2019-10-15 00:21:55,168 [Worker-59] INFO  o.e.m.c.i.embedder.EclipseLogger - Copying 0 resource
2019-10-15 00:22:15,262 [Worker-55] WARN  o.e.m.c.i.embedder.EclipseLogger - Using platform encoding (Cp1252 actually) to copy filtered resources, i.e. build is platform dependent!
2019-10-15 00:22:15,264 [Worker-55] INFO  o.e.m.c.i.embedder.EclipseLogger - Copying 0 resource
2019-10-15 00:22:15,266 [Worker-55] WARN  o.e.m.c.i.embedder.EclipseLogger - Using platform encoding (Cp1252 actually) to copy filtered resources, i.e. build is platform dependent!
2019-10-15 00:22:15,268 [Worker-55] INFO  o.e.m.c.i.embedder.EclipseLogger - Copying 0 resource
